  pch.cpp
  abaqusExternalDll.cpp
E:\Tim_Program\AbaqusDll\AbaqusDll_vs_2022\eigen-3.4.0\Eigen\src\Core\arch\Default\Half.h(1,1): warning C4819: 该文件包含不能在当前代码页(936)中表示的字符。请将该文件保存为 Unicode 格式以防止数据丢失
E:\Tim_Program\AbaqusDll\AbaqusDll_vs_2022\eigen-3.4.0\Eigen\src\Core\arch\Default\BFloat16.h(1,1): warning C4819: 该文件包含不能在当前代码页(936)中表示的字符。请将该文件保存为 Unicode 格式以防止数据丢失
E:\Tim_Program\AbaqusDll\AbaqusDll_vs_2022\eigen-3.4.0\Eigen\src\Core\arch\Default\GenericPacketMathFunctions.h(676,1): warning C4819: 该文件包含不能在当前代码页(936)中表示的字符。请将该文件保存为 Unicode 格式以防止数据丢失
E:\Tim_Program\AbaqusDll\AbaqusDll_vs_2022\AbaqusDll\abaqusExternalDll.cpp(232,33): warning C4267: “=”: 从“size_t”转换到“int”，可能丢失数据
E:\Tim_Program\AbaqusDll\AbaqusDll_vs_2022\AbaqusDll\abaqusExternalDll.cpp(275,15): warning C4244: “=”: 从“double”转换到“int”，可能丢失数据
E:\Tim_Program\AbaqusDll\AbaqusDll_vs_2022\AbaqusDll\abaqusExternalDll.cpp(141,9): warning C4101: “r”: 未引用的局部变量
E:\Tim_Program\AbaqusDll\AbaqusDll_vs_2022\AbaqusDll\abaqusExternalDll.cpp(545,12): warning C4101: “Rotation”: 未引用的局部变量
E:\Tim_Program\AbaqusDll\AbaqusDll_vs_2022\AbaqusDll\abaqusExternalDll.cpp(1325,12): warning C4101: “L”: 未引用的局部变量
  dllmain.cpp
  ReadOutFile.cpp
  waveGenerate.cpp
    正在创建库 E:\Tim_Program\AbaqusDll\AbaqusDll_vs_2022\x64\Release\AbaqusDll.lib 和对象 E:\Tim_Program\AbaqusDll\AbaqusDll_vs_2022\x64\Release\AbaqusDll.exp
  正在生成代码
  Previous IPDB not found, fall back to full compilation.
E:\Tim_Program\AbaqusDll\AbaqusDll_vs_2022\AbaqusDll\ReadOutFile.cpp(139): warning C4715: “ReadOutFile::ReadInNodes”: 不是所有的控件路径都返回值
  All 947 functions were compiled because no usable IPDB/IOBJ from previous compilation was found.
  已完成代码的生成
  AbaqusDll.vcxproj -> E:\Tim_Program\AbaqusDll\AbaqusDll_vs_2022\x64\Release\AbaqusDll.dll
